{
  "RSpec": {
    "coverage": {
      "/home/jesusmava/Documents/projectflow/backend/spec/bounded_contexts/identity/application/use_cases/register_user_spec.rb": {
        "lines": [
          1,
          null,
          1,
          2,
          null,
          1,
          1,
          null,
          null,
          null,
          null,
          null,
          null,
          1,
          null,
          1,
          1,
          null,
          null
        ]
      },
      "/home/jesusmava/Documents/projectflow/backend/spec/rails_helper.rb": {
        "lines": [
          null,
          1,
          1,
          1,
          1,
          null,
          1,
          null,
          null,
          null,
          1,
          null,
          null,
          null,
          null,
          null,
          null,
          null,
          null,
          null,
          null,
          null,
          null,
          null,
          null,
          null,
          2,
          null,
          null,
          null,
          null,
          null,
          null,
          1,
          null,
          0,
          null,
          1,
          null,
          null,
          1,
          null,
          null,
          1,
          1,
          null,
          null,
          null,
          1,
          null,
          null,
          null,
          null,
          null,
          null,
          null,
          null,
          null,
          null,
          null,
          null,
          null,
          null,
          null,
          null,
          null,
          null,
          null,
          null,
          null,
          null,
          1,
          null,
          null,
          null
        ]
      },
      "/home/jesusmava/Documents/projectflow/backend/app/container.rb": {
        "lines": [
          1,
          1,
          null,
          1,
          0,
          null,
          null,
          1,
          1,
          null,
          null,
          1,
          9,
          null,
          null,
          1,
          1,
          null,
          null,
          null,
          null,
          1,
          3,
          null,
          null,
          1,
          1,
          null,
          null,
          null,
          null,
          null
        ]
      },
      "/home/jesusmava/Documents/projectflow/backend/config/environment.rb": {
        "lines": [
          null,
          1,
          null,
          null,
          1
        ]
      },
      "/home/jesusmava/Documents/projectflow/backend/config/application.rb": {
        "lines": [
          1,
          null,
          1,
          null,
          null,
          null,
          1,
          null,
          1,
          1,
          1,
          1,
          null,
          null,
          null,
          431,
          431,
          431,
          null,
          null,
          1,
          null,
          null,
          null,
          null,
          1,
          null,
          null,
          null,
          null,
          null,
          null,
          null,
          null,
          null,
          null,
          null,
          null,
          1,
          null,
          null,
          1,
          null,
          1,
          null,
          1,
          null,
          1,
          null,
          null,
          null,
          null,
          null
        ]
      },
      "/home/jesusmava/Documents/projectflow/backend/config/boot.rb": {
        "lines": [
          1,
          null,
          1,
          1
        ]
      },
      "/home/jesusmava/Documents/projectflow/backend/config/environments/test.rb": {
        "lines": [
          null,
          null,
          null,
          null,
          null,
          1,
          1,
          1,
          1,
          1,
          null,
          null,
          null,
          null,
          null,
          1,
          null,
          null,
          null,
          null,
          null,
          1,
          null,
          null,
          1,
          null,
          null,
          1,
          1,
          null,
          null,
          1,
          null,
          null,
          1,
          null,
          null,
          1,
          null,
          null,
          null,
          null,
          1,
          null,
          null,
          1,
          null,
          null,
          1,
          null,
          null,
          null,
          null,
          null,
          null,
          null,
          null,
          1,
          null
        ]
      },
      "/home/jesusmava/Documents/projectflow/backend/config/initializers/cors.rb": {
        "lines": [
          null,
          null,
          null,
          null,
          null,
          null,
          null,
          null,
          null,
          null,
          null,
          null,
          null,
          null,
          null,
          null
        ]
      },
      "/home/jesusmava/Documents/projectflow/backend/config/initializers/event_subscribers.rb": {
        "lines": [
          null,
          null,
          1,
          1,
          null,
          null,
          null
        ]
      },
      "/home/jesusmava/Documents/projectflow/backend/config/initializers/events.rb": {
        "lines": [
          null,
          null,
          1,
          1,
          null
        ]
      },
      "/home/jesusmava/Documents/projectflow/backend/config/initializers/filter_parameter_logging.rb": {
        "lines": [
          null,
          null,
          null,
          null,
          null,
          1,
          null,
          null
        ]
      },
      "/home/jesusmava/Documents/projectflow/backend/config/initializers/inflections.rb": {
        "lines": [
          null,
          null,
          null,
          null,
          null,
          null,
          null,
          null,
          null,
          null,
          null,
          null,
          null,
          null,
          null,
          null,
          1,
          1,
          null
        ]
      },
      "/home/jesusmava/Documents/projectflow/backend/config/initializers/sidekiq.rb": {
        "lines": [
          1,
          0,
          null,
          null,
          null,
          null,
          null,
          null,
          null,
          1,
          1,
          null,
          null,
          null,
          null,
          null,
          null
        ]
      },
      "/home/jesusmava/Documents/projectflow/backend/app/shared/shared/events/subscriber_registry.rb": {
        "lines": [
          null,
          null,
          1,
          1,
          1,
          1,
          2,
          2,
          2,
          null,
          2,
          null,
          null,
          null,
          1,
          2,
          null,
          null,
          null,
          null,
          null,
          null
        ]
      },
      "/home/jesusmava/Documents/projectflow/backend/app/shared/shared/events/registry.rb": {
        "lines": [
          1,
          1,
          1,
          1,
          6,
          null,
          null,
          1,
          4,
          null,
          null,
          1,
          1,
          1,
          null,
          null,
          null,
          1,
          2,
          null,
          null,
          null,
          null
        ]
      },
      "/home/jesusmava/Documents/projectflow/backend/app/bounded_contexts/tasks/application/events/task_moved.rb": {
        "lines": [
          null,
          null,
          1,
          1,
          1,
          1,
          1,
          null,
          null,
          null,
          null,
          null,
          null,
          1,
          null,
          null,
          null,
          null,
          null,
          null,
          11,
          11,
          11,
          11,
          11,
          11,
          null,
          null,
          null,
          null,
          null
        ]
      },
      "/home/jesusmava/Documents/projectflow/backend/app/shared/shared/events/event.rb": {
        "lines": [
          1,
          1,
          1,
          null,
          null,
          null
        ]
      },
      "/home/jesusmava/Documents/projectflow/backend/app/bounded_contexts/tasks/infrastructure/subscribers/task_moved_subscriber.rb": {
        "lines": [
          1,
          1,
          1,
          1,
          1,
          3,
          null,
          null,
          null,
          null,
          null,
          null,
          null,
          null,
          null,
          null,
          null,
          null,
          null,
          null
        ]
      },
      "/home/jesusmava/Documents/projectflow/backend/app/shared/shared/events/subscriber.rb": {
        "lines": [
          1,
          1,
          1,
          1,
          0,
          null,
          null,
          null,
          null,
          null
        ]
      },
      "/home/jesusmava/Documents/projectflow/backend/spec/factories/projects.rb": {
        "lines": [
          1,
          1,
          14,
          1,
          null,
          null
        ]
      },
      "/home/jesusmava/Documents/projectflow/backend/spec/factories/tasks.rb": {
        "lines": [
          1,
          1,
          36,
          36,
          36,
          4,
          1,
          null,
          null
        ]
      },
      "/home/jesusmava/Documents/projectflow/backend/spec/factories/users.rb": {
        "lines": [
          1,
          1,
          16,
          16,
          15,
          16,
          null,
          null
        ]
      },
      "/home/jesusmava/Documents/projectflow/backend/spec/factories/workspaces.rb": {
        "lines": [
          1,
          1,
          14,
          1,
          null,
          null
        ]
      },
      "/home/jesusmava/Documents/projectflow/backend/spec/support/task_helpers.rb": {
        "lines": [
          1,
          1,
          0,
          null,
          null,
          null,
          null,
          null,
          null
        ]
      },
      "/home/jesusmava/Documents/projectflow/backend/app/bounded_contexts/identity/application/use_cases/register_user.rb": {
        "lines": [
          1,
          1,
          1,
          1,
          1,
          1,
          null,
          null,
          1,
          1,
          null,
          1,
          null,
          null,
          null,
          null,
          null,
          null,
          1,
          null,
          0,
          null,
          null,
          null,
          null,
          1,
          null,
          1,
          null,
          1,
          0,
          null,
          null,
          null,
          null,
          null,
          null,
          null
        ]
      },
      "/home/jesusmava/Documents/projectflow/backend/app/shared/shared/application/application_use_case.rb": {
        "lines": [
          null,
          null,
          1,
          1,
          1,
          1,
          1,
          0,
          null,
          null,
          null,
          null,
          null
        ]
      },
      "/home/jesusmava/Documents/projectflow/backend/spec/bounded_contexts/tasks/application/use_cases/move_task_spec.rb": {
        "lines": [
          1,
          null,
          1,
          1,
          4,
          null,
          null,
          null,
          null,
          null,
          null,
          5,
          null,
          null,
          null,
          1,
          4,
          null,
          null,
          null,
          null,
          1,
          4,
          null,
          null,
          null,
          null,
          null,
          null,
          null,
          1,
          4,
          null,
          null,
          null,
          null,
          1,
          1,
          null,
          1,
          null,
          null,
          null,
          1,
          1,
          null,
          1,
          null,
          1,
          null,
          null,
          null,
          null,
          null,
          null,
          1,
          null,
          null,
          null,
          null,
          null,
          null,
          null,
          1,
          1,
          1,
          null,
          null,
          1,
          1,
          null,
          null,
          null,
          1,
          null,
          1,
          1,
          1,
          null,
          null,
          1,
          1,
          1,
          null,
          null,
          null,
          1,
          null,
          null,
          null,
          null,
          null,
          1,
          null,
          1,
          1,
          null,
          null,
          1,
          1,
          null,
          1,
          null,
          null,
          null,
          1,
          1,
          null,
          1,
          null,
          1,
          null,
          null,
          null,
          null,
          null,
          null,
          null,
          null
        ]
      },
      "/home/jesusmava/Documents/projectflow/backend/app/bounded_contexts/tasks/application/use_cases/move_task.rb": {
        "lines": [
          1,
          1,
          1,
          1,
          1,
          null,
          null,
          null,
          null,
          5,
          5,
          5,
          null,
          null,
          1,
          5,
          5,
          null,
          4,
          null,
          4,
          null,
          null,
          null,
          null,
          null,
          3,
          null,
          null,
          null,
          null,
          null,
          null,
          null,
          3,
          null,
          3,
          null,
          1,
          null,
          null,
          null,
          null,
          1,
          null,
          1,
          null,
          null,
          null,
          1,
          5,
          null,
          null,
          null,
          null,
          null,
          null,
          1,
          1,
          null,
          null,
          null,
          null,
          null
        ]
      },
      "/home/jesusmava/Documents/projectflow/backend/spec/bounded_contexts/tasks/domain/services/position_manager_spec.rb": {
        "lines": [
          null,
          null,
          1,
          null,
          1,
          1,
          6,
          null,
          null,
          1,
          6,
          null,
          8,
          1,
          7,
          null,
          1,
          7,
          null,
          8,
          8,
          8,
          8,
          null,
          1,
          1,
          null,
          1,
          1,
          1,
          1,
          null,
          null,
          1,
          1,
          null,
          1,
          1,
          1,
          1,
          null,
          null,
          1,
          1,
          1,
          null,
          2,
          null,
          null,
          null,
          1,
          1,
          null,
          1,
          null,
          null,
          1,
          1,
          null,
          1,
          1,
          1,
          1,
          null,
          null,
          1,
          1,
          null,
          1,
          1,
          1,
          1,
          null,
          null,
          1,
          1,
          1,
          null,
          1,
          null,
          1,
          1,
          null,
          null,
          null,
          null,
          null
        ]
      },
      "/home/jesusmava/Documents/projectflow/backend/app/bounded_contexts/tasks/domain/services/position_manager.rb": {
        "lines": [
          null,
          null,
          1,
          1,
          1,
          1,
          1,
          7,
          null,
          null,
          1,
          7,
          null,
          6,
          null,
          6,
          6,
          6,
          null,
          null,
          null,
          null,
          null,
          6,
          6,
          null,
          6,
          null,
          null,
          null,
          null,
          null,
          null,
          null,
          null,
          null,
          1,
          null,
          1,
          null,
          1,
          6,
          null,
          4,
          null,
          null,
          1,
          2,
          null,
          null,
          null,
          null,
          null,
          null,
          5,
          5,
          null,
          null,
          null,
          1,
          4,
          null,
          null,
          null,
          null,
          null,
          null,
          8,
          8,
          null,
          null,
          null,
          null,
          null,
          null
        ]
      },
      "/home/jesusmava/Documents/projectflow/backend/spec/bounded_contexts/tasks/infrastructure/subscribers/task_moved_subscriber_spec.rb": {
        "lines": [
          1,
          2,
          null,
          1,
          1,
          null,
          null,
          null,
          null,
          null,
          null,
          null,
          null,
          1,
          1,
          null,
          null,
          1,
          1,
          null,
          1,
          null,
          null,
          null,
          null
        ]
      },
      "/home/jesusmava/Documents/projectflow/backend/spec/graphql/mutations/create_task_mutation_spec.rb": {
        "lines": [
          1,
          null,
          1,
          2,
          2,
          2,
          null,
          1,
          1,
          null,
          null,
          1,
          null,
          1,
          null,
          null,
          null,
          1,
          1,
          null,
          null,
          null,
          null,
          null,
          null,
          null,
          null,
          null,
          null,
          null,
          null,
          null,
          null,
          null,
          null,
          null,
          null,
          null,
          1,
          1,
          1,
          null,
          null,
          null,
          null,
          1,
          null,
          1,
          null,
          null,
          null,
          1,
          null,
          null,
          null,
          null
        ]
      },
      "/home/jesusmava/Documents/projectflow/backend/spec/graphql/mutations/move_task_mutation_spec.rb": {
        "lines": [
          1,
          null,
          1,
          3,
          null,
          1,
          2,
          null,
          null,
          1,
          2,
          null,
          null,
          1,
          2,
          null,
          null,
          null,
          null,
          null,
          null,
          1,
          2,
          null,
          null,
          null,
          null,
          null,
          null,
          1,
          1,
          null,
          null,
          1,
          null,
          1,
          null,
          null,
          null,
          1,
          2,
          null,
          null,
          null,
          null,
          null,
          null,
          null,
          null,
          null,
          null,
          null,
          null,
          null,
          null,
          null,
          null,
          null,
          null,
          1,
          0,
          0,
          null,
          null,
          null,
          null,
          0,
          null,
          null,
          null,
          null,
          1,
          1,
          null,
          null,
          null,
          1,
          null,
          1,
          1,
          null,
          1,
          1,
          null,
          1,
          null,
          1,
          null,
          null,
          null,
          null,
          null,
          null,
          null,
          null,
          1,
          1,
          null,
          null,
          1,
          null,
          1,
          null,
          null,
          null,
          null
        ]
      },
      "/home/jesusmava/Documents/projectflow/backend/spec/graphql/queries/me_query_spec.rb": {
        "lines": []
      },
      "/home/jesusmava/Documents/projectflow/backend/spec/models/project_spec.rb": {
        "lines": [
          1,
          null,
          1,
          1,
          null
        ]
      },
      "/home/jesusmava/Documents/projectflow/backend/app/models/project.rb": {
        "lines": [
          1,
          1,
          null,
          1,
          null,
          null,
          1,
          null,
          null,
          null,
          null,
          null,
          null,
          null,
          null
        ]
      },
      "/home/jesusmava/Documents/projectflow/backend/app/models/application_record.rb": {
        "lines": [
          1,
          1,
          null
        ]
      },
      "/home/jesusmava/Documents/projectflow/backend/spec/models/task_spec.rb": {
        "lines": [
          1,
          null,
          1,
          1,
          null
        ]
      },
      "/home/jesusmava/Documents/projectflow/backend/app/models/task.rb": {
        "lines": [
          1,
          1,
          null,
          1,
          null,
          null,
          null,
          null,
          null,
          null,
          null,
          null,
          1,
          null,
          null,
          null,
          null,
          null,
          null,
          null,
          null,
          1,
          null,
          null,
          1,
          null,
          1,
          0,
          null,
          null
        ]
      },
      "/home/jesusmava/Documents/projectflow/backend/spec/models/user_spec.rb": {
        "lines": [
          1,
          null,
          1,
          1,
          1,
          null,
          null,
          1,
          1,
          null,
          1,
          null,
          null
        ]
      },
      "/home/jesusmava/Documents/projectflow/backend/app/models/user.rb": {
        "lines": [
          null,
          null,
          1,
          1,
          null,
          null,
          1,
          null,
          null,
          null,
          null,
          29,
          null,
          1,
          null,
          null,
          null,
          1,
          null,
          null,
          null,
          1,
          null,
          null,
          null,
          null,
          1,
          null,
          null,
          null
        ]
      },
      "/home/jesusmava/Documents/projectflow/backend/spec/models/workspace_spec.rb": {
        "lines": [
          1,
          null,
          1,
          1,
          null
        ]
      },
      "/home/jesusmava/Documents/projectflow/backend/app/models/workspace.rb": {
        "lines": [
          1,
          1,
          null,
          1,
          null,
          null,
          1,
          null,
          null,
          1,
          null,
          null,
          null,
          null,
          null,
          null,
          null,
          null,
          1,
          null,
          1,
          10,
          null,
          null
        ]
      },
      "/home/jesusmava/Documents/projectflow/backend/spec/shared/events/event_bus_spec.rb": {
        "lines": [
          1,
          1,
          1,
          null,
          1,
          1,
          null,
          null,
          1,
          1,
          null,
          null,
          null,
          1,
          1,
          1,
          null,
          1,
          null,
          null,
          null,
          null,
          1,
          1,
          null,
          null,
          null,
          null,
          null,
          null,
          null,
          1,
          null,
          1,
          null,
          null
        ]
      },
      "/home/jesusmava/Documents/projectflow/backend/app/shared/shared/events/event_bus.rb": {
        "lines": [
          null,
          null,
          1,
          1,
          1,
          1,
          2,
          null,
          null,
          1,
          2,
          null,
          null,
          3,
          null,
          null,
          null,
          1,
          null,
          1,
          null,
          null,
          null
        ]
      },
      "/home/jesusmava/Documents/projectflow/backend/spec/shared/events/registry_spec.rb": {
        "lines": [
          1,
          2,
          null,
          1,
          null,
          1,
          1,
          null,
          1,
          1,
          null,
          null,
          1,
          1,
          null,
          null,
          null,
          1,
          1,
          null,
          1,
          null,
          1,
          null,
          1,
          null,
          null
        ]
      },
      "/home/jesusmava/Documents/projectflow/backend/app/bounded_contexts/identity/application/dto/register_request.rb": {
        "lines": [
          1,
          1,
          1,
          1,
          1,
          null,
          null,
          null,
          null,
          1,
          1,
          1,
          1,
          1,
          null,
          null,
          1,
          0,
          null,
          null,
          null,
          null,
          null,
          null,
          null,
          null,
          null,
          null
        ]
      },
      "/home/jesusmava/Documents/projectflow/backend/app/bounded_contexts/identity/infrastructure/repositories/user_repository.rb": {
        "lines": [
          1,
          1,
          1,
          1,
          1,
          1,
          null,
          null,
          1,
          0,
          null,
          null,
          1,
          2,
          null,
          null,
          1,
          1,
          null,
          null,
          1,
          0,
          0,
          null,
          0,
          null,
          null,
          null,
          null,
          null
        ]
      },
      "/home/jesusmava/Documents/projectflow/backend/app/shared/shared/infrastructure/repositories/base_repository.rb": {
        "lines": [
          null,
          null,
          1,
          1,
          1,
          1,
          1,
          null,
          1,
          0,
          null,
          null,
          1,
          0,
          null,
          null,
          null,
          null,
          null
        ]
      },
      "/home/jesusmava/Documents/projectflow/backend/app/bounded_contexts/identity/application/dto/register_response.rb": {
        "lines": [
          1,
          1,
          1,
          1,
          1,
          null,
          null,
          1,
          1,
          1,
          null,
          null,
          1,
          1,
          null,
          null,
          1,
          0,
          null,
          null,
          1,
          1,
          null,
          null,
          null,
          null,
          1,
          0,
          null,
          null,
          null,
          null,
          null,
          null,
          null,
          null
        ]
      },
      "/home/jesusmava/Documents/projectflow/backend/app/bounded_contexts/tasks/infrastructure/repositories/task_repository.rb": {
        "lines": [
          1,
          1,
          1,
          1,
          1,
          1,
          null,
          null,
          null,
          null,
          null,
          null,
          null,
          null,
          1,
          0,
          null,
          null,
          1,
          0,
          null,
          null,
          null,
          null,
          0,
          0,
          null,
          null,
          null,
          1,
          0,
          null,
          null,
          null,
          null,
          0,
          0,
          null,
          null,
          null,
          1,
          19,
          null,
          null,
          1,
          6,
          null,
          null,
          null,
          null,
          null,
          1,
          1,
          1,
          1,
          1,
          1,
          null,
          null,
          null,
          null,
          null,
          null,
          null,
          null,
          null,
          1,
          0,
          null,
          null,
          null,
          1,
          null,
          1,
          1,
          null,
          null,
          null,
          null,
          null
        ]
      },
      "/home/jesusmava/Documents/projectflow/backend/app/bounded_contexts/tasks/application/dto/move_task_request.rb": {
        "lines": [
          1,
          1,
          1,
          1,
          1,
          null,
          null,
          null,
          null,
          1,
          null,
          null,
          null,
          null,
          null,
          5,
          5,
          5,
          5,
          null,
          null,
          null,
          null,
          null
        ]
      },
      "/home/jesusmava/Documents/projectflow/backend/app/bounded_contexts/tasks/application/dto/move_task_response.rb": {
        "lines": [
          1,
          1,
          1,
          1,
          1,
          null,
          null,
          1,
          5,
          5,
          null,
          null,
          1,
          3,
          null,
          null,
          1,
          0,
          null,
          null,
          1,
          3,
          null,
          null,
          1,
          2,
          null,
          null,
          null,
          null,
          null,
          null,
          null,
          null
        ]
      },
      "/home/jesusmava/Documents/projectflow/backend/app/jobs/task_moved_job.rb": {
        "lines": [
          null,
          null,
          1,
          1,
          null,
          1,
          0,
          null,
          null,
          null,
          null,
          null,
          null,
          null,
          null,
          null,
          null
        ]
      },
      "/home/jesusmava/Documents/projectflow/backend/app/jobs/application_job.rb": {
        "lines": [
          1,
          1,
          null,
          1,
          null,
          1,
          0,
          null,
          null
        ]
      },
      "/home/jesusmava/Documents/projectflow/backend/app/bounded_contexts/identity/infrastructure/authentication/jwt_encoder.rb": {
        "lines": [
          1,
          1,
          1,
          1,
          1,
          null,
          2,
          null,
          null,
          null,
          null,
          2,
          null,
          null,
          null,
          null,
          null,
          null,
          null,
          null,
          null
        ]
      },
      "/home/jesusmava/Documents/projectflow/backend/config/routes.rb": {
        "lines": [
          1,
          null,
          1,
          1,
          0,
          null,
          null,
          1,
          null,
          null,
          null,
          null,
          1,
          null,
          null,
          null,
          null,
          1,
          null
        ]
      },
      "/home/jesusmava/Documents/projectflow/backend/app/controllers/graphql_controller.rb": {
        "lines": [
          null,
          null,
          1,
          null,
          1,
          3,
          null,
          null,
          null,
          null,
          null,
          null,
          null,
          null,
          3,
          null,
          0,
          0,
          null,
          null,
          1,
          null,
          1,
          3,
          null,
          3,
          null,
          2,
          null,
          null,
          1,
          3,
          null,
          3,
          null,
          2,
          null,
          null,
          null,
          1,
          3,
          null,
          0,
          0,
          null,
          0,
          null,
          null,
          0,
          null,
          0,
          null,
          3,
          null,
          0,
          null,
          null,
          null,
          1,
          0,
          0,
          null,
          0,
          null,
          null
        ]
      },
      "/home/jesusmava/Documents/projectflow/backend/app/controllers/application_controller.rb": {
        "lines": [
          1,
          1,
          null
        ]
      },
      "/home/jesusmava/Documents/projectflow/backend/app/graphql/project_flow_schema.rb": {
        "lines": [
          null,
          null,
          1,
          1,
          1,
          null,
          null,
          1,
          null,
          null,
          1,
          null,
          null,
          null,
          null,
          0,
          null,
          null,
          null,
          1,
          null,
          null,
          0,
          null,
          null,
          null,
          1,
          null,
          null,
          1,
          null,
          null,
          null,
          null,
          1,
          null,
          0,
          null,
          null,
          null,
          1,
          null,
          0,
          null,
          null
        ]
      },
      "/home/jesusmava/Documents/projectflow/backend/app/graphql/types/mutation_type.rb": {
        "lines": [
          null,
          null,
          1,
          1,
          1,
          null,
          1,
          null,
          1,
          null,
          1,
          null,
          1,
          null,
          1,
          null,
          null,
          null
        ]
      },
      "/home/jesusmava/Documents/projectflow/backend/app/graphql/types/base_object.rb": {
        "lines": [
          null,
          null,
          1,
          1,
          1,
          1,
          1,
          null,
          null
        ]
      },
      "/home/jesusmava/Documents/projectflow/backend/app/graphql/types/base_edge.rb": {
        "lines": [
          null,
          null,
          1,
          1,
          null,
          1,
          null,
          null
        ]
      },
      "/home/jesusmava/Documents/projectflow/backend/app/graphql/types/base_connection.rb": {
        "lines": [
          null,
          null,
          1,
          1,
          null,
          1,
          null,
          null
        ]
      },
      "/home/jesusmava/Documents/projectflow/backend/app/graphql/types/base_field.rb": {
        "lines": [
          null,
          null,
          1,
          1,
          1,
          null,
          null
        ]
      },
      "/home/jesusmava/Documents/projectflow/backend/app/graphql/types/base_argument.rb": {
        "lines": [
          null,
          null,
          1,
          1,
          null,
          null
        ]
      },
      "/home/jesusmava/Documents/projectflow/backend/app/bounded_contexts/identity/graphql/mutations/register_mutation.rb": {
        "lines": [
          null,
          null,
          1,
          1,
          1,
          1,
          1,
          null,
          1,
          1,
          1,
          1,
          null,
          1,
          null,
          null,
          1,
          null,
          1,
          null,
          0,
          null,
          null,
          null,
          null,
          0,
          null,
          null,
          0,
          null,
          null,
          null,
          null,
          null,
          null,
          null
        ]
      },
      "/home/jesusmava/Documents/projectflow/backend/app/graphql/mutations/base_mutation.rb": {
        "lines": [
          null,
          null,
          1,
          1,
          1,
          1,
          1,
          1,
          null,
          1,
          null,
          1,
          5,
          null,
          null,
          1,
          3,
          null,
          null,
          1,
          3,
          2,
          null,
          null,
          null
        ]
      },
      "/home/jesusmava/Documents/projectflow/backend/app/graphql/types/base_input_object.rb": {
        "lines": [
          null,
          null,
          1,
          1,
          1,
          null,
          null
        ]
      },
      "/home/jesusmava/Documents/projectflow/backend/app/bounded_contexts/identity/graphql/types/user_type.rb": {
        "lines": [
          null,
          null,
          1,
          1,
          1,
          1,
          1,
          null,
          1,
          1,
          1,
          1,
          null,
          null,
          null,
          null
        ]
      },
      "/home/jesusmava/Documents/projectflow/backend/app/bounded_contexts/identity/graphql/mutations/login_mutation.rb": {
        "lines": [
          1,
          1,
          1,
          1,
          1,
          null,
          1,
          1,
          null,
          1,
          1,
          1,
          null,
          1,
          0,
          null,
          null,
          null,
          null,
          0,
          null,
          null,
          null,
          null,
          0,
          null,
          null,
          null,
          null,
          null,
          null,
          null,
          null
        ]
      },
      "/home/jesusmava/Documents/projectflow/backend/app/bounded_contexts/workspaces/graphql/mutations/create_workspace_mutation.rb": {
        "lines": [
          1,
          1,
          1,
          1,
          1,
          null,
          1,
          null,
          1,
          null,
          null,
          1,
          null,
          1,
          0,
          null,
          0,
          null,
          null,
          null,
          null,
          null,
          0,
          null,
          null,
          null,
          null,
          0,
          null,
          null,
          null,
          null,
          null,
          null,
          null
        ]
      },
      "/home/jesusmava/Documents/projectflow/backend/app/bounded_contexts/workspaces/graphql/types/workspace_type.rb": {
        "lines": [
          1,
          1,
          1,
          1,
          1,
          null,
          1,
          1,
          null,
          null,
          null,
          null
        ]
      },
      "/home/jesusmava/Documents/projectflow/backend/app/bounded_contexts/projects/graphql/mutations/create_project_mutation.rb": {
        "lines": [
          1,
          1,
          1,
          1,
          1,
          null,
          1,
          1,
          null,
          1,
          null,
          null,
          1,
          null,
          1,
          0,
          null,
          0,
          null,
          null,
          null,
          null,
          null,
          0,
          null,
          null,
          null,
          null,
          0,
          null,
          null,
          null,
          null,
          null,
          null,
          null
        ]
      },
      "/home/jesusmava/Documents/projectflow/backend/app/bounded_contexts/projects/graphql/types/project_type.rb": {
        "lines": [
          1,
          1,
          1,
          1,
          1,
          null,
          1,
          1,
          1,
          null,
          null,
          null,
          null,
          null,
          null
        ]
      },
      "/home/jesusmava/Documents/projectflow/backend/app/bounded_contexts/tasks/graphql/mutations/create_task_mutation.rb": {
        "lines": [
          1,
          1,
          1,
          1,
          1,
          null,
          1,
          1,
          1,
          null,
          null,
          1,
          null,
          null,
          1,
          null,
          1,
          1,
          1,
          null,
          null,
          1,
          null,
          null,
          null,
          null,
          1,
          null,
          null,
          null,
          null,
          1,
          null,
          null,
          null,
          null,
          null,
          null,
          null
        ]
      },
      "/home/jesusmava/Documents/projectflow/backend/app/bounded_contexts/tasks/graphql/types/task_type.rb": {
        "lines": [
          1,
          1,
          1,
          1,
          1,
          null,
          1,
          1,
          1,
          1,
          1,
          1,
          null,
          null,
          1,
          null,
          null,
          null,
          null,
          null
        ]
      },
      "/home/jesusmava/Documents/projectflow/backend/app/bounded_contexts/tasks/graphql/resolvers/tasks_resolver.rb": {
        "lines": [
          1,
          1,
          1,
          1,
          1,
          null,
          null,
          1,
          null,
          1,
          0,
          null,
          null,
          0,
          null,
          null,
          null,
          null,
          null,
          0,
          null,
          null,
          null,
          0,
          null,
          null,
          null,
          null,
          null
        ]
      },
      "/home/jesusmava/Documents/projectflow/backend/app/graphql/resolvers/base_resolver.rb": {
        "lines": [
          null,
          null,
          1,
          1,
          1,
          null,
          1,
          0,
          null,
          null,
          1,
          0,
          null,
          null,
          1,
          0,
          0,
          null,
          null,
          null
        ]
      },
      "/home/jesusmava/Documents/projectflow/backend/app/bounded_contexts/tasks/graphql/mutations/move_task_mutation.rb": {
        "lines": [
          null,
          null,
          1,
          1,
          1,
          1,
          1,
          null,
          1,
          1,
          1,
          null,
          1,
          null,
          null,
          1,
          null,
          1,
          2,
          null,
          1,
          null,
          null,
          null,
          null,
          null,
          null,
          null,
          1,
          null,
          null,
          null,
          null,
          1,
          null,
          null,
          null,
          null,
          null,
          null,
          null
        ]
      },
      "/home/jesusmava/Documents/projectflow/backend/app/graphql/types/query_type.rb": {
        "lines": [
          null,
          null,
          1,
          1,
          1,
          null,
          1,
          0,
          null,
          null,
          1,
          1,
          null,
          null,
          null
        ]
      },
      "/home/jesusmava/Documents/projectflow/backend/app/bounded_contexts/identity/graphql/resolvers/me_resolver.rb": {
        "lines": [
          1,
          1,
          1,
          1,
          1,
          null,
          1,
          0,
          null,
          0,
          null,
          null,
          null,
          null,
          null
        ]
      },
      "/home/jesusmava/Documents/projectflow/backend/app/bounded_contexts/identity/infrastructure/authentication/current_user.rb": {
        "lines": [
          null,
          null,
          1,
          1,
          1,
          1,
          1,
          2,
          null,
          null,
          1,
          2,
          null,
          null,
          1,
          2,
          2,
          null,
          2,
          null,
          null,
          null,
          0,
          null,
          null,
          null,
          null,
          null
        ]
      },
      "/home/jesusmava/Documents/projectflow/backend/app/bounded_contexts/identity/infrastructure/authentication/jwt_decoder.rb": {
        "lines": [
          1,
          1,
          1,
          1,
          1,
          2,
          null,
          null,
          null,
          null,
          null,
          null,
          null,
          null,
          null,
          null
        ]
      },
      "/home/jesusmava/Documents/projectflow/backend/app/bounded_contexts/tasks/application/dto/create_task_request.rb": {
        "lines": [
          1,
          1,
          1,
          1,
          1,
          null,
          null,
          null,
          null,
          1,
          null,
          null,
          null,
          null,
          null,
          1,
          1,
          1,
          1,
          null,
          null,
          null,
          null,
          null
        ]
      },
      "/home/jesusmava/Documents/projectflow/backend/app/bounded_contexts/tasks/application/use_cases/create_task.rb": {
        "lines": [
          1,
          1,
          1,
          1,
          1,
          null,
          null,
          null,
          1,
          1,
          null,
          null,
          1,
          1,
          null,
          1,
          null,
          1,
          null,
          null,
          null,
          null,
          null,
          1,
          null,
          null,
          null,
          null,
          0,
          null,
          null,
          null,
          null,
          null,
          1,
          null,
          1,
          1,
          null,
          null,
          null,
          null,
          null,
          1,
          0,
          null,
          null,
          null,
          null,
          null,
          null,
          null,
          null,
          null,
          null
        ]
      },
      "/home/jesusmava/Documents/projectflow/backend/app/bounded_contexts/projects/infrastructure/repositories/project_repository.rb": {
        "lines": [
          1,
          1,
          1,
          1,
          1,
          0,
          null,
          null,
          1,
          0,
          null,
          null,
          1,
          1,
          null,
          null,
          null,
          null,
          null,
          null,
          null,
          null,
          null,
          null,
          null,
          null
        ]
      },
      "/home/jesusmava/Documents/projectflow/backend/app/bounded_contexts/tasks/application/dto/create_task_response.rb": {
        "lines": [
          1,
          1,
          1,
          1,
          1,
          null,
          null,
          1,
          1,
          1,
          null,
          null,
          1,
          0,
          null,
          null,
          null,
          null,
          null
        ]
      }
    },
    "timestamp": 1783497031
  }
}
